<?xml version="1.0" encoding="UTF-8"?>
<!-- Generated by org.testng.reporters.JUnitReportReporter -->
<testsuite hostname="Ilhans-MBP.fios-router.home" name="Tests.GmailTestingTest" tests="2" failures="0" timestamp="6 Nov 2019 01:06:13 GMT" time="16.235" errors="0">
  <testcase name="doSendAndClick" time="8.514" classname="Tests.GmailTestingTest"/>
  <testcase name="getTitle" time="7.721" classname="Tests.GmailTestingTest"/>
</testsuite> <!-- Tests.GmailTestingTest -->
