<?xml version="1.0" encoding="UTF-8"?>
<!-- Generated by org.testng.reporters.JUnitReportReporter -->
<testsuite skipped="0" hostname="Yunuss-MacBook-Pro.local" name="Tests.TimeMachineTest" tests="1" failures="0" timestamp="2019-12-17T11:34:30 PST" time="10.219" errors="0">
  <testcase name="LocalTimeVerify" time="10.219" classname="Tests.TimeMachineTest"/>
</testsuite> <!-- Tests.TimeMachineTest -->
