<?xml version="1.0" encoding="UTF-8"?>
<!-- Generated by org.testng.reporters.JUnitReportReporter -->
<testsuite skipped="0" hostname="Yunuss-MacBook-Pro.local" name="Tests.DarkSkyTest" tests="1" failures="0" timestamp="2019-12-16T22:12:59 PST" time="8.126" errors="0">
  <testcase name="timeZoneVerify" time="8.126" classname="Tests.DarkSkyTest"/>
</testsuite> <!-- Tests.DarkSkyTest -->
