<?xml version="1.0" encoding="UTF-8"?>
<!-- Generated by org.testng.reporters.JUnitReportReporter -->
<testsuite skipped="0" hostname="Yunuss-MacBook-Pro.local" name="Tests.GoogleMainPageTest" tests="1" failures="0" timestamp="2019-11-29T22:05:38 PST" time="10.756" errors="0">
  <testcase name="getTitle" time="10.756" classname="Tests.GoogleMainPageTest"/>
</testsuite> <!-- Tests.GoogleMainPageTest -->
