<?xml version="1.0" encoding="UTF-8"?>
<!-- Generated by org.testng.reporters.JUnitReportReporter -->
<testsuite skipped="0" hostname="Yunuss-MacBook-Pro.local" name="Tests.HotelPageTesting" tests="3" failures="0" timestamp="2019-12-01T22:32:28 PST" time="140.160" errors="0">
  <testcase name="hotels3starred" time="40.636" classname="Tests.HotelPageTesting"/>
  <testcase name="hotels4starred" time="43.586" classname="Tests.HotelPageTesting"/>
  <testcase name="hotels5starred" time="55.938" classname="Tests.HotelPageTesting"/>
</testsuite> <!-- Tests.HotelPageTesting -->
