<?xml version="1.0" encoding="UTF-8"?>
<!-- Generated by org.testng.reporters.JUnitReportReporter -->
<testsuite skipped="0" hostname="Yunuss-MacBook-Pro.local" name="Tests.EmailPageTesting" tests="1" failures="0" timestamp="2019-11-30T20:06:19 PST" time="10.440" errors="0">
  <testcase name="getTitle" time="10.440" classname="Tests.EmailPageTesting"/>
</testsuite> <!-- Tests.EmailPageTesting -->
